feature_expert_ar/build/intermediates/manifest_merge_blame_file/playDebug/processPlayDebugMainManifest/manifest-merger-blame-play-debug-report.txt
1<?xml version="1.0" encoding="utf-8"?>
2<manifest xmlns:android="http://schemas.android.com/apk/res/android"
3    xmlns:dist="http://schemas.android.com/apk/distribution"
4    featureSplit="feature_expert_ar"
5    package="com.hereliesaz.cuedetat"
6    android:versionCode="562"
7    android:versionName="1.10.4.562" >
8
9    <uses-sdk
9-->INJECTED
10        android:minSdkVersion="29"
10-->INJECTED
11        android:targetSdkVersion="37" />
11-->INJECTED
12
13    <!--
14      On-demand delivery: the Expert-AR split is NOT installed with the base app.
15      The base requests it at runtime via SplitInstallManager (PlayArFeatureDelivery),
16      gated on entitlement, the first time an entitled user enters Expert AR.
17
18      dist:fusing include="true" keeps the module available in fused/standalone
19      APKs (universal APK / bundletool standalone) so non-Play distributions of
20      the bundle still contain the AR flow.
21    -->
22    <dist:module
22-->src\main\AndroidManifest.xml:14:5-21:19
23        dist:instant="false"
23-->src\main\AndroidManifest.xml:15:9-29
24        dist:title="@string/expert_ar_feature_title" >
24-->src\main\AndroidManifest.xml:16:9-53
25        <dist:delivery>
25-->src\main\AndroidManifest.xml:17:9-19:25
26            <dist:on-demand />
26-->src\main\AndroidManifest.xml:18:13-31
27        </dist:delivery>
28
29        <dist:fusing dist:include="true" />
29-->src\main\AndroidManifest.xml:20:9-44
29-->src\main\AndroidManifest.xml:20:22-41
30    </dist:module>
31
32    <queries>
32-->[com.google.ar:core:1.54.0] AndroidManifest.xml:20:5-27:15
33        <package android:name="com.google.ar.core" />
33-->[com.google.ar:core:1.54.0] AndroidManifest.xml:21:9-54
33-->[com.google.ar:core:1.54.0] AndroidManifest.xml:21:18-51
34        <package android:name="com.android.vending" />
34-->[com.google.ar:core:1.54.0] AndroidManifest.xml:22:9-55
34-->[com.google.ar:core:1.54.0] AndroidManifest.xml:22:18-52
35
36        <intent>
36-->[com.google.ar:core:1.54.0] AndroidManifest.xml:24:9-26:18
37            <action android:name="com.google.android.play.core.install.BIND_INSTALL_SERVICE" />
37-->[com.google.ar:core:1.54.0] AndroidManifest.xml:25:13-96
37-->[com.google.ar:core:1.54.0] AndroidManifest.xml:25:21-93
38        </intent>
39    </queries>
40
41    <application
41-->src\main\AndroidManifest.xml:23:5-20
42        android:debuggable="true"
43        android:extractNativeLibs="false" > <!-- The minimal version code of ARCore APK required for an app using this SDK. -->
43-->INJECTED
44        <meta-data
44-->[com.google.ar:core:1.54.0] AndroidManifest.xml:32:9-34:41
45            android:name="com.google.ar.core.min_apk_version"
45-->[com.google.ar:core:1.54.0] AndroidManifest.xml:33:13-62
46            android:value="260760000" /> <!-- This activity is critical for installing ARCore when it is not already present. -->
46-->[com.google.ar:core:1.54.0] AndroidManifest.xml:34:13-38
47        <activity
47-->[com.google.ar:core:1.54.0] AndroidManifest.xml:36:9-42:80
48            android:name="com.google.ar.core.InstallActivity"
48-->[com.google.ar:core:1.54.0] AndroidManifest.xml:37:13-62
49            android:configChanges="keyboardHidden|orientation|screenSize"
49-->[com.google.ar:core:1.54.0] AndroidManifest.xml:38:13-74
50            android:excludeFromRecents="true"
50-->[com.google.ar:core:1.54.0] AndroidManifest.xml:39:13-46
51            android:exported="false"
51-->[com.google.ar:core:1.54.0] AndroidManifest.xml:40:13-37
52            android:launchMode="singleTop"
52-->[com.google.ar:core:1.54.0] AndroidManifest.xml:41:13-43
53            android:splitName="feature_expert_ar"
54            android:theme="@android:style/Theme.Material.Light.Dialog.Alert" />
54-->[com.google.ar:core:1.54.0] AndroidManifest.xml:42:13-77
55    </application>
56
57</manifest>